#
# A fatal error has been detected by the Java Runtime Environment:
#
#  Internal Error (javaClasses.cpp:126), pid=3724, tid=7340
#  fatal error: Invalid layout of preloaded class
#
# JRE version:  (8.0_25-b18) (build )
# Java VM: Java HotSpot(TM) 64-Bit Server VM (25.25-b02 mixed mode windows-amd64 compressed oops)
# Failed to write core dump. Minidumps are not enabled by default on client versions of Windows
#
# If you would like to submit a bug report, please visit:
#   http://bugreport.sun.com/bugreport/crash.jsp
#

---------------  T H R E A D  ---------------

Current thread (0x0000000002320800):  JavaThread "Unknown thread" [_thread_in_vm, id=7340, stack(0x00000000021a0000,0x00000000022a0000)]

Stack: [0x00000000021a0000,0x00000000022a0000]
Native frames: (J=compiled Java code, j=interpreted, Vv=VM code, C=native code)
V  [jvm.dll+0x31667a]
V  [jvm.dll+0x267073]
V  [jvm.dll+0x267cb3]
V  [jvm.dll+0x25f536]
V  [jvm.dll+0x5e773]
V  [jvm.dll+0x5e863]
V  [jvm.dll+0x731ca]
V  [jvm.dll+0x73528]
V  [jvm.dll+0xe48b7]
V  [jvm.dll+0xe4c46]
V  [jvm.dll+0x1f9ae7]
V  [jvm.dll+0x22b2e4]
V  [jvm.dll+0x14d571]
C  [javaw.exe+0x20c6]
C  [javaw.exe+0xc9eb]
C  [javaw.exe+0xca7f]
C  [KERNEL32.DLL+0x13d2]
C  [ntdll.dll+0x6eb64]


---------------  P R O C E S S  ---------------

Java Threads: ( => current thread )

Other Threads:

=>0x0000000002320800 (exited) JavaThread "Unknown thread" [_thread_in_vm, id=7340, stack(0x00000000021a0000,0x00000000022a0000)]

VM state:not at safepoint (not fully initialized)

VM Mutex/Monitor currently owned by a thread: None

GC Heap History (0 events):
No events

Deoptimization events (0 events):
No events

Internal exceptions (0 events):
No events

Events (10 events):
Event: 0.067 loading class java/lang/CharSequence done
Event: 0.067 loading class java/lang/String done
Event: 0.067 loading class java/lang/Class
Event: 0.067 loading class java/lang/reflect/AnnotatedElement
Event: 0.067 loading class java/lang/reflect/AnnotatedElement done
Event: 0.067 loading class java/lang/reflect/GenericDeclaration
Event: 0.067 loading class java/lang/reflect/GenericDeclaration done
Event: 0.067 loading class java/lang/reflect/Type
Event: 0.067 loading class java/lang/reflect/Type done
Event: 0.067 loading class java/lang/Class done


Dynamic libraries:
0x00007ff72b500000 - 0x00007ff72b534000 	C:\Program Files\Java\jre1.8.0_25\bin\javaw.exe
0x00007ffa1b5e0000 - 0x00007ffa1b78c000 	C:\Windows\SYSTEM32\ntdll.dll
0x00007ffa18e90000 - 0x00007ffa18fce000 	C:\Windows\system32\KERNEL32.DLL
0x00007ffa18b40000 - 0x00007ffa18c55000 	C:\Windows\system32\KERNELBASE.dll
0x00007ffa172b0000 - 0x00007ffa1733e000 	C:\Windows\system32\apphelp.dll
0x00007ffa0b250000 - 0x00007ffa0b2a3000 	C:\Windows\AppPatch\AppPatch64\AcGenral.DLL
0x00007ffa18c60000 - 0x00007ffa18d0a000 	C:\Windows\system32\msvcrt.dll
0x00007ffa18560000 - 0x00007ffa1858e000 	C:\Windows\SYSTEM32\SspiCli.dll
0x00007ffa19170000 - 0x00007ffa191c4000 	C:\Windows\system32\SHLWAPI.dll
0x00007ffa18d10000 - 0x00007ffa18e87000 	C:\Windows\system32\USER32.dll
0x00007ffa199f0000 - 0x00007ffa19b84000 	C:\Windows\system32\ole32.dll
0x00007ffa19cd0000 - 0x00007ffa1b1e8000 	C:\Windows\system32\SHELL32.dll
0x00007ffa17d30000 - 0x00007ffa17d51000 	C:\Windows\SYSTEM32\USERENV.dll
0x00007ffa19ba0000 - 0x00007ffa19c4a000 	C:\Windows\system32\ADVAPI32.dll
0x00007ffa16720000 - 0x00007ffa1673e000 	C:\Windows\SYSTEM32\MPR.dll
0x00007ffa1b480000 - 0x00007ffa1b5c1000 	C:\Windows\system32\RPCRT4.dll
0x00007ffa19c50000 - 0x00007ffa19ca9000 	C:\Windows\SYSTEM32\sechost.dll
0x00007ffa1b260000 - 0x00007ffa1b471000 	C:\Windows\SYSTEM32\combase.dll
0x00007ffa19670000 - 0x00007ffa197c1000 	C:\Windows\system32\GDI32.dll
0x00007ffa18730000 - 0x00007ffa18745000 	C:\Windows\SYSTEM32\profapi.dll
0x00007ffa16f40000 - 0x00007ffa16ff2000 	C:\Windows\SYSTEM32\SHCORE.dll
0x00007ffa191d0000 - 0x00007ffa19206000 	C:\Windows\system32\IMM32.DLL
0x00007ffa19330000 - 0x00007ffa19483000 	C:\Windows\system32\MSCTF.dll
0x00007ffa16800000 - 0x00007ffa16a7b000 	C:\Windows\WinSxS\amd64_microsoft.windows.common-controls_6595b64144ccf1df_6.0.9600.17415_none_6240486fecbd8abb\COMCTL32.dll
0x0000000073d90000 - 0x0000000073e62000 	C:\Program Files\Java\jre1.8.0_25\bin\msvcr100.dll
0x0000000073ea0000 - 0x00000000746fa000 	C:\Program Files\Java\jre1.8.0_25\bin\server\jvm.dll
0x00007ffa024d0000 - 0x00007ffa024d9000 	C:\Windows\SYSTEM32\WSOCK32.dll
0x00007ffa159c0000 - 0x00007ffa159e2000 	C:\Windows\SYSTEM32\WINMM.dll
0x00007ffa19b90000 - 0x00007ffa19b97000 	C:\Windows\system32\PSAPI.DLL
0x00007ffa197d0000 - 0x00007ffa1982a000 	C:\Windows\system32\WS2_32.dll
0x00007ffa15990000 - 0x00007ffa159ba000 	C:\Windows\SYSTEM32\WINMMBASE.dll
0x00007ffa19830000 - 0x00007ffa19839000 	C:\Windows\system32\NSI.dll
0x00007ffa188b0000 - 0x00007ffa188ff000 	C:\Windows\SYSTEM32\cfgmgr32.dll
0x00007ffa17520000 - 0x00007ffa17548000 	C:\Windows\SYSTEM32\DEVOBJ.dll
0x0000000074ec0000 - 0x0000000074ecf000 	C:\Program Files\Java\jre1.8.0_25\bin\verify.dll
0x0000000074e90000 - 0x0000000074eb8000 	C:\Program Files\Java\jre1.8.0_25\bin\java.dll
0x0000000074e70000 - 0x0000000074e86000 	C:\Program Files\Java\jre1.8.0_25\bin\zip.dll
0x00007ffa03d30000 - 0x00007ffa03eba000 	C:\Windows\SYSTEM32\dbghelp.dll

VM Arguments:
jvm_args: -Dfile.encoding=Cp1252 -Xbootclasspath:C:\AndroidSDK\platforms\android-21\android.jar 
java_command: com.skula.croa.models.Tile
java_class_path (initial): C:\Users\Stephane\git\croa\Croa\bin\classes;C:\Users\Stephane\git\croa\Croa\libs\android-support-v4.jar
Launcher Type: SUN_STANDARD

Environment Variables:
PATH=C:/Program Files/Java/jre1.8.0_25/bin/server;C:/Program Files/Java/jre1.8.0_25/bin;C:/Program Files/Java/jre1.8.0_25/lib/amd64;C:\Program Files (x86)\NVIDIA Corporation\PhysX\Common;C:\ProgramData\Oracle\Java\javapath;C:\Program Files\Broadcom\Broadcom 802.11 Network Adapter;;C:\Program Files (x86)\Intel\iCLS Client\;C:\Program Files\Intel\iCLS Client\;C:\Windows\system32;C:\Windows;C:\Windows\System32\Wbem;C:\Windows\System32\WindowsPowerShell\v1.0\;C:\Program Files\Intel\Intel(R) Management Engine Components\DAL;C:\Program Files\Intel\Intel(R) Management Engine Components\IPT;C:\Program Files (x86)\Intel\Intel(R) Management Engine Components\DAL;C:\Program Files (x86)\Intel\Intel(R) Management Engine Components\IPT;C:\Program Files\WIDCOMM\Bluetooth Software\;C:\Program Files\WIDCOMM\Bluetooth Software\syswow64;;C:\eclipse;
USERNAME=Stephane
OS=Windows_NT
PROCESSOR_IDENTIFIER=Intel64 Family 6 Model 60 Stepping 3, GenuineIntel



---------------  S Y S T E M  ---------------

OS: Windows 8.1 , 64 bit Build 9600 

CPU:total 4 (2 cores per cpu, 2 threads per core) family 6 model 60 stepping 3, cmov, cx8, fxsr, mmx, sse, sse2, sse3, ssse3, sse4.1, sse4.2, popcnt, avx, avx2, aes, clmul, erms, lzcnt, ht, tsc, tscinvbit, bmi1, bmi2

Memory: 4k page, physical 8268824k(5088304k free), swap 9579544k(5818060k free)

vm_info: Java HotSpot(TM) 64-Bit Server VM (25.25-b02) for windows-amd64 JRE (1.8.0_25-b18), built on Oct  7 2014 14:25:37 by "java_re" with MS VC++ 10.0 (VS2010)

time: Wed Feb 18 21:39:40 2015
elapsed time: 0 seconds (0d 0h 0m 0s)

