#
# A fatal error has been detected by the Java Runtime Environment:
#
#  Internal Error (javaClasses.cpp:126), pid=7700, tid=7648
#  fatal error: Invalid layout of preloaded class
#
# JRE version:  (8.0_25-b18) (build )
# Java VM: Java HotSpot(TM) 64-Bit Server VM (25.25-b02 mixed mode windows-amd64 compressed oops)
# Failed to write core dump. Minidumps are not enabled by default on client versions of Windows
#
# If you would like to submit a bug report, please visit:
#   http://bugreport.sun.com/bugreport/crash.jsp
#

---------------  T H R E A D  ---------------

Current thread (0x00000000026e0800):  JavaThread "Unknown thread" [_thread_in_vm, id=7648, stack(0x00000000025e0000,0x00000000026e0000)]

Stack: [0x00000000025e0000,0x00000000026e0000]
Native frames: (J=compiled Java code, j=interpreted, Vv=VM code, C=native code)
V  [jvm.dll+0x31667a]
V  [jvm.dll+0x267073]
V  [jvm.dll+0x267cb3]
V  [jvm.dll+0x25f536]
V  [jvm.dll+0x5e773]
V  [jvm.dll+0x5e863]
V  [jvm.dll+0x731ca]
V  [jvm.dll+0x73528]
V  [jvm.dll+0xe48b7]
V  [jvm.dll+0xe4c46]
V  [jvm.dll+0x1f9ae7]
V  [jvm.dll+0x22b2e4]
V  [jvm.dll+0x14d571]
C  [javaw.exe+0x20c6]
C  [javaw.exe+0xc9eb]
C  [javaw.exe+0xca7f]
C  [KERNEL32.DLL+0x13d2]
C  [ntdll.dll+0x6eb64]


---------------  P R O C E S S  ---------------

Java Threads: ( => current thread )

Other Threads:

=>0x00000000026e0800 (exited) JavaThread "Unknown thread" [_thread_in_vm, id=7648, stack(0x00000000025e0000,0x00000000026e0000)]

VM state:not at safepoint (not fully initialized)

VM Mutex/Monitor currently owned by a thread: None

GC Heap History (0 events):
No events

Deoptimization events (0 events):
No events

Internal exceptions (0 events):
No events

Events (10 events):
Event: 0.029 loading class java/lang/CharSequence done
Event: 0.029 loading class java/lang/String done
Event: 0.029 loading class java/lang/Class
Event: 0.030 loading class java/lang/reflect/AnnotatedElement
Event: 0.030 loading class java/lang/reflect/AnnotatedElement done
Event: 0.030 loading class java/lang/reflect/GenericDeclaration
Event: 0.030 loading class java/lang/reflect/GenericDeclaration done
Event: 0.030 loading class java/lang/reflect/Type
Event: 0.030 loading class java/lang/reflect/Type done
Event: 0.030 loading class java/lang/Class done


Dynamic libraries:
0x00007ff7dde50000 - 0x00007ff7dde84000 	C:\Program Files\Java\jre1.8.0_25\bin\javaw.exe
0x00007ffbb9cf0000 - 0x00007ffbb9e9c000 	C:\Windows\SYSTEM32\ntdll.dll
0x00007ffbb9120000 - 0x00007ffbb925e000 	C:\Windows\system32\KERNEL32.DLL
0x00007ffbb70f0000 - 0x00007ffbb7205000 	C:\Windows\system32\KERNELBASE.dll
0x00007ffbb59e0000 - 0x00007ffbb5a6e000 	C:\Windows\system32\apphelp.dll
0x00007ffbb0a00000 - 0x00007ffbb0a53000 	C:\Windows\AppPatch\AppPatch64\AcGenral.DLL
0x00007ffbb9420000 - 0x00007ffbb94ca000 	C:\Windows\system32\msvcrt.dll
0x00007ffbb6c70000 - 0x00007ffbb6c9e000 	C:\Windows\SYSTEM32\SspiCli.dll
0x00007ffbb8bc0000 - 0x00007ffbb8c14000 	C:\Windows\system32\SHLWAPI.dll
0x00007ffbb9a90000 - 0x00007ffbb9c07000 	C:\Windows\system32\USER32.dll
0x00007ffbb9820000 - 0x00007ffbb99b4000 	C:\Windows\system32\ole32.dll
0x00007ffbb76a0000 - 0x00007ffbb8bb8000 	C:\Windows\system32\SHELL32.dll
0x00007ffbb6440000 - 0x00007ffbb6461000 	C:\Windows\SYSTEM32\USERENV.dll
0x00007ffbb9330000 - 0x00007ffbb93da000 	C:\Windows\system32\ADVAPI32.dll
0x00007ffba3340000 - 0x00007ffba335e000 	C:\Windows\SYSTEM32\MPR.dll
0x00007ffbb8fd0000 - 0x00007ffbb9111000 	C:\Windows\system32\RPCRT4.dll
0x00007ffbb7370000 - 0x00007ffbb73c9000 	C:\Windows\SYSTEM32\sechost.dll
0x00007ffbb94d0000 - 0x00007ffbb96e1000 	C:\Windows\SYSTEM32\combase.dll
0x00007ffbb7530000 - 0x00007ffbb7681000 	C:\Windows\system32\GDI32.dll
0x00007ffbb6e40000 - 0x00007ffbb6e55000 	C:\Windows\SYSTEM32\profapi.dll
0x00007ffbb5390000 - 0x00007ffbb5442000 	C:\Windows\SYSTEM32\SHCORE.dll
0x00007ffbb93e0000 - 0x00007ffbb9416000 	C:\Windows\system32\IMM32.DLL
0x00007ffbb73d0000 - 0x00007ffbb7523000 	C:\Windows\system32\MSCTF.dll
0x00007ffbb4f10000 - 0x00007ffbb518b000 	C:\Windows\WinSxS\amd64_microsoft.windows.common-controls_6595b64144ccf1df_6.0.9600.17415_none_6240486fecbd8abb\COMCTL32.dll
0x0000000055cf0000 - 0x0000000055dc2000 	C:\Program Files\Java\jre1.8.0_25\bin\msvcr100.dll
0x0000000054890000 - 0x00000000550ea000 	C:\Program Files\Java\jre1.8.0_25\bin\server\jvm.dll
0x00007ffbb3210000 - 0x00007ffbb3219000 	C:\Windows\SYSTEM32\WSOCK32.dll
0x00007ffbb4890000 - 0x00007ffbb48b2000 	C:\Windows\SYSTEM32\WINMM.dll
0x00007ffbb8de0000 - 0x00007ffbb8de7000 	C:\Windows\system32\PSAPI.DLL
0x00007ffbb92d0000 - 0x00007ffbb932a000 	C:\Windows\system32\WS2_32.dll
0x00007ffbb46a0000 - 0x00007ffbb46ca000 	C:\Windows\SYSTEM32\WINMMBASE.dll
0x00007ffbb99c0000 - 0x00007ffbb99c9000 	C:\Windows\system32\NSI.dll
0x00007ffbb7320000 - 0x00007ffbb736f000 	C:\Windows\SYSTEM32\cfgmgr32.dll
0x00007ffbb5c30000 - 0x00007ffbb5c58000 	C:\Windows\SYSTEM32\DEVOBJ.dll
0x0000000055f40000 - 0x0000000055f4f000 	C:\Program Files\Java\jre1.8.0_25\bin\verify.dll
0x0000000055f10000 - 0x0000000055f38000 	C:\Program Files\Java\jre1.8.0_25\bin\java.dll
0x0000000055ef0000 - 0x0000000055f06000 	C:\Program Files\Java\jre1.8.0_25\bin\zip.dll
0x00007ffbb0240000 - 0x00007ffbb03ca000 	C:\Windows\SYSTEM32\dbghelp.dll

VM Arguments:
jvm_args: -Dfile.encoding=Cp1252 -Xbootclasspath:C:\AndroidSDK\platforms\android-21\android.jar 
java_command: com.skula.croa.services.GameEngine
java_class_path (initial): C:\Users\Stephane\git\croa\Croa\bin\classes;C:\Users\Stephane\git\croa\Croa\libs\android-support-v4.jar
Launcher Type: SUN_STANDARD

Environment Variables:
PATH=C:/Program Files/Java/jre1.8.0_25/bin/server;C:/Program Files/Java/jre1.8.0_25/bin;C:/Program Files/Java/jre1.8.0_25/lib/amd64;C:\Program Files (x86)\NVIDIA Corporation\PhysX\Common;C:\ProgramData\Oracle\Java\javapath;C:\Program Files\Broadcom\Broadcom 802.11 Network Adapter;;C:\Program Files (x86)\Intel\iCLS Client\;C:\Program Files\Intel\iCLS Client\;C:\Windows\system32;C:\Windows;C:\Windows\System32\Wbem;C:\Windows\System32\WindowsPowerShell\v1.0\;C:\Program Files\Intel\Intel(R) Management Engine Components\DAL;C:\Program Files\Intel\Intel(R) Management Engine Components\IPT;C:\Program Files (x86)\Intel\Intel(R) Management Engine Components\DAL;C:\Program Files (x86)\Intel\Intel(R) Management Engine Components\IPT;C:\Program Files\WIDCOMM\Bluetooth Software\;C:\Program Files\WIDCOMM\Bluetooth Software\syswow64;;C:\eclipse;
USERNAME=Stephane
OS=Windows_NT
PROCESSOR_IDENTIFIER=Intel64 Family 6 Model 60 Stepping 3, GenuineIntel



---------------  S Y S T E M  ---------------

OS: Windows 8.1 , 64 bit Build 9600 

CPU:total 4 (2 cores per cpu, 2 threads per core) family 6 model 60 stepping 3, cmov, cx8, fxsr, mmx, sse, sse2, sse3, ssse3, sse4.1, sse4.2, popcnt, avx, avx2, aes, clmul, erms, lzcnt, ht, tsc, tscinvbit, bmi1, bmi2

Memory: 4k page, physical 8268824k(5600780k free), swap 9579544k(6311480k free)

vm_info: Java HotSpot(TM) 64-Bit Server VM (25.25-b02) for windows-amd64 JRE (1.8.0_25-b18), built on Oct  7 2014 14:25:37 by "java_re" with MS VC++ 10.0 (VS2010)

time: Fri Feb 13 12:43:21 2015
elapsed time: 0 seconds (0d 0h 0m 0s)

