#
# A fatal error has been detected by the Java Runtime Environment:
#
#  Internal Error (javaClasses.cpp:126), pid=4076, tid=4308
#  fatal error: Invalid layout of preloaded class
#
# JRE version:  (8.0_25-b18) (build )
# Java VM: Java HotSpot(TM) 64-Bit Server VM (25.25-b02 mixed mode windows-amd64 compressed oops)
# Failed to write core dump. Minidumps are not enabled by default on client versions of Windows
#
# If you would like to submit a bug report, please visit:
#   http://bugreport.sun.com/bugreport/crash.jsp
#

---------------  T H R E A D  ---------------

Current thread (0x0000000002550800):  JavaThread "Unknown thread" [_thread_in_vm, id=4308, stack(0x0000000002450000,0x0000000002550000)]

Stack: [0x0000000002450000,0x0000000002550000]
Native frames: (J=compiled Java code, j=interpreted, Vv=VM code, C=native code)
V  [jvm.dll+0x31667a]
V  [jvm.dll+0x267073]
V  [jvm.dll+0x267cb3]
V  [jvm.dll+0x25f536]
V  [jvm.dll+0x5e773]
V  [jvm.dll+0x5e863]
V  [jvm.dll+0x731ca]
V  [jvm.dll+0x73528]
V  [jvm.dll+0xe48b7]
V  [jvm.dll+0xe4c46]
V  [jvm.dll+0x1f9ae7]
V  [jvm.dll+0x22b2e4]
V  [jvm.dll+0x14d571]
C  [javaw.exe+0x20c6]
C  [javaw.exe+0xc9eb]
C  [javaw.exe+0xca7f]
C  [KERNEL32.DLL+0x13d2]
C  [ntdll.dll+0x703c4]


---------------  P R O C E S S  ---------------

Java Threads: ( => current thread )

Other Threads:

=>0x0000000002550800 (exited) JavaThread "Unknown thread" [_thread_in_vm, id=4308, stack(0x0000000002450000,0x0000000002550000)]

VM state:not at safepoint (not fully initialized)

VM Mutex/Monitor currently owned by a thread: None

GC Heap History (0 events):
No events

Deoptimization events (0 events):
No events

Internal exceptions (0 events):
No events

Events (10 events):
Event: 0.045 loading class java/lang/CharSequence done
Event: 0.045 loading class java/lang/String done
Event: 0.045 loading class java/lang/Class
Event: 0.046 loading class java/lang/reflect/AnnotatedElement
Event: 0.046 loading class java/lang/reflect/AnnotatedElement done
Event: 0.046 loading class java/lang/reflect/GenericDeclaration
Event: 0.046 loading class java/lang/reflect/GenericDeclaration done
Event: 0.046 loading class java/lang/reflect/Type
Event: 0.046 loading class java/lang/reflect/Type done
Event: 0.046 loading class java/lang/Class done


Dynamic libraries:
0x00007ff732d50000 - 0x00007ff732d84000 	C:\Program Files\Java\jre1.8.0_25\bin\javaw.exe
0x00007ffe3a720000 - 0x00007ffe3a8cc000 	C:\Windows\SYSTEM32\ntdll.dll
0x00007ffe3a570000 - 0x00007ffe3a6ae000 	C:\Windows\system32\KERNEL32.DLL
0x00007ffe37c80000 - 0x00007ffe37d95000 	C:\Windows\system32\KERNELBASE.dll
0x00007ffe36410000 - 0x00007ffe3649e000 	C:\Windows\system32\apphelp.dll
0x00007ffe243c0000 - 0x00007ffe24413000 	C:\Windows\AppPatch\AppPatch64\AcGenral.DLL
0x00007ffe3a140000 - 0x00007ffe3a1ea000 	C:\Windows\system32\msvcrt.dll
0x00007ffe376a0000 - 0x00007ffe376ce000 	C:\Windows\SYSTEM32\SspiCli.dll
0x00007ffe3a360000 - 0x00007ffe3a3b4000 	C:\Windows\system32\SHLWAPI.dll
0x00007ffe39740000 - 0x00007ffe398b7000 	C:\Windows\system32\USER32.dll
0x00007ffe3a3c0000 - 0x00007ffe3a554000 	C:\Windows\system32\ole32.dll
0x00007ffe37da0000 - 0x00007ffe392b8000 	C:\Windows\system32\SHELL32.dll
0x00007ffe36dd0000 - 0x00007ffe36df1000 	C:\Windows\SYSTEM32\USERENV.dll
0x00007ffe39560000 - 0x00007ffe3960a000 	C:\Windows\system32\ADVAPI32.dll
0x00007ffe326f0000 - 0x00007ffe3270e000 	C:\Windows\SYSTEM32\MPR.dll
0x00007ffe398c0000 - 0x00007ffe39a01000 	C:\Windows\system32\RPCRT4.dll
0x00007ffe392c0000 - 0x00007ffe39319000 	C:\Windows\SYSTEM32\sechost.dll
0x00007ffe39b20000 - 0x00007ffe39d31000 	C:\Windows\SYSTEM32\combase.dll
0x00007ffe3a1f0000 - 0x00007ffe3a341000 	C:\Windows\system32\GDI32.dll
0x00007ffe37870000 - 0x00007ffe37885000 	C:\Windows\SYSTEM32\profapi.dll
0x00007ffe35dc0000 - 0x00007ffe35e72000 	C:\Windows\SYSTEM32\SHCORE.dll
0x00007ffe39a10000 - 0x00007ffe39a46000 	C:\Windows\system32\IMM32.DLL
0x00007ffe39400000 - 0x00007ffe39553000 	C:\Windows\system32\MSCTF.dll
0x00007ffe35940000 - 0x00007ffe35bbb000 	C:\Windows\WinSxS\amd64_microsoft.windows.common-controls_6595b64144ccf1df_6.0.9600.17415_none_6240486fecbd8abb\COMCTL32.dll
0x000000005e460000 - 0x000000005e532000 	C:\Program Files\Java\jre1.8.0_25\bin\msvcr100.dll
0x000000005e540000 - 0x000000005ed9a000 	C:\Program Files\Java\jre1.8.0_25\bin\server\jvm.dll
0x00007ffe23250000 - 0x00007ffe23259000 	C:\Windows\SYSTEM32\WSOCK32.dll
0x00007ffe35400000 - 0x00007ffe35422000 	C:\Windows\SYSTEM32\WINMM.dll
0x00007ffe3a560000 - 0x00007ffe3a567000 	C:\Windows\system32\PSAPI.DLL
0x00007ffe39610000 - 0x00007ffe3966a000 	C:\Windows\system32\WS2_32.dll
0x00007ffe35210000 - 0x00007ffe3523a000 	C:\Windows\SYSTEM32\WINMMBASE.dll
0x00007ffe3a350000 - 0x00007ffe3a359000 	C:\Windows\system32\NSI.dll
0x00007ffe379a0000 - 0x00007ffe379ef000 	C:\Windows\SYSTEM32\cfgmgr32.dll
0x00007ffe36660000 - 0x00007ffe36688000 	C:\Windows\SYSTEM32\DEVOBJ.dll
0x0000000060510000 - 0x000000006051f000 	C:\Program Files\Java\jre1.8.0_25\bin\verify.dll
0x00000000604e0000 - 0x0000000060508000 	C:\Program Files\Java\jre1.8.0_25\bin\java.dll
0x00000000604c0000 - 0x00000000604d6000 	C:\Program Files\Java\jre1.8.0_25\bin\zip.dll
0x00007ffe26710000 - 0x00007ffe2689a000 	C:\Windows\SYSTEM32\dbghelp.dll

VM Arguments:
jvm_args: -Dfile.encoding=Cp1252 -Xbootclasspath:C:\AndroidSDK\platforms\android-21\android.jar 
java_command: com.skula.croa.models.Tile
java_class_path (initial): C:\Users\Stephane\git\croa\Croa\bin\classes;C:\Users\Stephane\git\croa\Croa\libs\android-support-v4.jar
Launcher Type: SUN_STANDARD

Environment Variables:
PATH=C:/Program Files/Java/jre1.8.0_25/bin/server;C:/Program Files/Java/jre1.8.0_25/bin;C:/Program Files/Java/jre1.8.0_25/lib/amd64;C:\Program Files (x86)\NVIDIA Corporation\PhysX\Common;C:\ProgramData\Oracle\Java\javapath;C:\Program Files\Broadcom\Broadcom 802.11 Network Adapter;;C:\Program Files (x86)\Intel\iCLS Client\;C:\Program Files\Intel\iCLS Client\;C:\Windows\system32;C:\Windows;C:\Windows\System32\Wbem;C:\Windows\System32\WindowsPowerShell\v1.0\;C:\Program Files\Intel\Intel(R) Management Engine Components\DAL;C:\Program Files\Intel\Intel(R) Management Engine Components\IPT;C:\Program Files (x86)\Intel\Intel(R) Management Engine Components\DAL;C:\Program Files (x86)\Intel\Intel(R) Management Engine Components\IPT;C:\Program Files\WIDCOMM\Bluetooth Software\;C:\Program Files\WIDCOMM\Bluetooth Software\syswow64;;C:\eclipse;
USERNAME=Stephane
OS=Windows_NT
PROCESSOR_IDENTIFIER=Intel64 Family 6 Model 60 Stepping 3, GenuineIntel



---------------  S Y S T E M  ---------------

OS: Windows 8.1 , 64 bit Build 9600 

CPU:total 4 (2 cores per cpu, 2 threads per core) family 6 model 60 stepping 3, cmov, cx8, fxsr, mmx, sse, sse2, sse3, ssse3, sse4.1, sse4.2, popcnt, avx, avx2, aes, clmul, erms, lzcnt, ht, tsc, tscinvbit, bmi1, bmi2

Memory: 4k page, physical 8268824k(5383380k free), swap 9579544k(6129088k free)

vm_info: Java HotSpot(TM) 64-Bit Server VM (25.25-b02) for windows-amd64 JRE (1.8.0_25-b18), built on Oct  7 2014 14:25:37 by "java_re" with MS VC++ 10.0 (VS2010)

time: Wed Feb 11 13:23:46 2015
elapsed time: 0 seconds (0d 0h 0m 0s)

